<!DOCTYPE html PUBLIC "-//W3C//DTD XHTML 1.1//EN" "https://www.w3.org/TR/xhtml11/DTD/xhtml11.dtd">
<html xmlns="https://www.w3.org/1999/xhtml">
<head>
<meta http-equiv="content-type" content="text/html; charset=UTF-8"/>
<title>TestNG Report</title>
<style type="text/css">table {margin-bottom:10px;border-collapse:collapse;empty-cells:show}th,td {border:1px solid #009;padding:.25em .5em}th {vertical-align:bottom}td {vertical-align:top}table a {font-weight:bold}.stripe td {background-color: #E6EBF9}.num {text-align:right}.passedodd td {background-color: #3F3}.passedeven td {background-color: #0A0}.skippedodd td {background-color: #DDD}.skippedeven td {background-color: #CCC}.failedodd td,.attn {background-color: #F33}.failedeven td,.stripe .attn {background-color: #D00}.stacktrace {white-space:pre;font-family:monospace}.totop {font-size:85%;text-align:center;border-bottom:2px solid #000}.invisible {display:none}</style>
</head>
<body>
<table>
<tr><th>Test</th><th># Passed</th><th># Skipped</th><th># Retried</th><th># Failed</th><th>Time (ms)</th><th>Included Groups</th><th>Excluded Groups</th></tr>
<tr><th colspan="8">Suite</th></tr>
<tr><td><a href="#t0">Test</a></td><td class="num">9</td><td class="num">0</td><td class="num">0</td><td class="num attn">4</td><td class="num">238,585</td><td></td><td></td></tr>
</table>
<table id='summary'><thead><tr><th>Class</th><th>Method</th><th>Start</th><th>Time (ms)</th></tr></thead><tbody><tr><th colspan="4">Suite</th></tr></tbody><tbody id="t0"><tr><th colspan="4">Test &#8212; failed</th></tr><tr class="failedeven"><td rowspan="1">DemoPackage.Listeners1</td><td><a href="#m0">demoForListeners1</a></td><td rowspan="1">1689228088402</td><td rowspan="1">3</td></tr><tr class="failedodd"><td rowspan="1">DemoPackage.Listeners2</td><td><a href="#m1">demoForListeners3</a></td><td rowspan="1">1689227982771</td><td rowspan="1">99</td></tr><tr class="failedeven"><td rowspan="1">DemoPackage.Listeners3</td><td><a href="#m2">demoForListeners5</a></td><td rowspan="1">1689227983173</td><td rowspan="1">4</td></tr><tr class="failedodd"><td rowspan="1">Login_Module.Test_C_001</td><td><a href="#m3">validatingloginModule</a></td><td rowspan="1">1689227963911</td><td rowspan="1">10135</td></tr><tr><th colspan="4">Test &#8212; passed</th></tr><tr class="passedeven"><td rowspan="2">DataProvidre.DataProviderClass</td><td><a href="#m4">M2</a></td><td rowspan="2">1689227952319</td><td rowspan="2">22</td></tr><tr class="passedeven"><td><a href="#m5">M2</a></td></tr><tr class="passedodd"><td rowspan="1">DemoPackage.Listeners1</td><td><a href="#m6">demoForListener</a></td><td rowspan="1">1689228088390</td><td rowspan="1">7</td></tr><tr class="passedeven"><td rowspan="1">DemoPackage.Listeners2</td><td><a href="#m7">demoForListener2</a></td><td rowspan="1">1689227982736</td><td rowspan="1">4</td></tr><tr class="passedodd"><td rowspan="1">DemoPackage.Listeners3</td><td><a href="#m8">demoForListener4</a></td><td rowspan="1">1689227983162</td><td rowspan="1">5</td></tr><tr class="passedeven"><td rowspan="1">Login_Module.TC_2CreatingOrganization_Test</td><td><a href="#m9">validatingOrganization</a></td><td rowspan="1">1689228059050</td><td rowspan="1">22969</td></tr><tr class="passedodd"><td rowspan="1">Login_Module.TC_3DeleteLeads_Test</td><td><a href="#m10">ValidatingDeleteLeads</a></td><td rowspan="1">1689228174282</td><td rowspan="1">9110</td></tr><tr class="passedeven"><td rowspan="1">Login_Module.TC_4LeadsPage_Test</td><td><a href="#m11">ValidatingLeadsPage</a></td><td rowspan="1">1689228000251</td><td rowspan="1">42593</td></tr><tr class="passedodd"><td rowspan="1">Login_Module.TC_5Product_Test</td><td><a href="#m12">ValidatingProducts</a></td><td rowspan="1">1689228097883</td><td rowspan="1">60417</td></tr></tbody>
</table>
<h2>Test</h2><h3 id="m0">DemoPackage.Listeners1#demoForListeners1</h3><table class="result"><tr><th>Exception</th></tr><tr><td><div class="stacktrace">java.lang.AssertionError: expected [true] but found [false]
	at DemoPackage.Listeners1.demoForListeners1(Listeners1.java:20)
	at java.base/java.util.ArrayList.forEach(ArrayList.java:1511)
... Removed 34 stack frames</div></td></tr></table><p class="totop"><a href="#summary">back to summary</a></p>
<h3 id="m1">DemoPackage.Listeners2#demoForListeners3</h3><table class="result"><tr><th>Exception</th></tr><tr><td><div class="stacktrace">java.lang.AssertionError: expected [true] but found [false]
	at DemoPackage.Listeners2.demoForListeners3(Listeners2.java:20)
	at java.base/java.util.ArrayList.forEach(ArrayList.java:1511)
... Removed 34 stack frames</div></td></tr></table><p class="totop"><a href="#summary">back to summary</a></p>
<h3 id="m2">DemoPackage.Listeners3#demoForListeners5</h3><table class="result"><tr><th>Exception</th></tr><tr><td><div class="stacktrace">java.lang.AssertionError: expected [true] but found [false]
	at DemoPackage.Listeners3.demoForListeners5(Listeners3.java:20)
	at java.base/java.util.ArrayList.forEach(ArrayList.java:1511)
... Removed 34 stack frames</div></td></tr></table><p class="totop"><a href="#summary">back to summary</a></p>
<h3 id="m3">Login_Module.Test_C_001#validatingloginModule</h3><table class="result"><tr><th>Exception</th></tr><tr><td><div class="stacktrace">org.openqa.selenium.NoSuchElementException: no such element: Unable to locate element: {&quot;method&quot;:&quot;css selector&quot;,&quot;selector&quot;:&quot;*[name=&apos;user_name&apos;]&quot;}
  (Session info: chrome=114.0.5735.110)
For documentation on this error, please visit: https://www.seleniumhq.org/exceptions/no_such_element.html
Build info: version: &apos;3.141.59&apos;, revision: &apos;e82be7d358&apos;, time: &apos;2018-11-14T08:17:03&apos;
System info: host: &apos;DESKTOP-LRFV9J8&apos;, ip: &apos;192.168.0.107&apos;, os.name: &apos;Windows 10&apos;, os.arch: &apos;amd64&apos;, os.version: &apos;10.0&apos;, java.version: &apos;17.0.7&apos;
Driver info: org.openqa.selenium.chrome.ChromeDriver
Capabilities {acceptInsecureCerts: false, browserName: chrome, browserVersion: 114.0.5735.110, chrome: {chromedriverVersion: 114.0.5735.90 (386bc09e8f4f..., userDataDir: C:\Users\User\AppData\Local...}, goog:chromeOptions: {debuggerAddress: localhost:64719}, javascriptEnabled: true, networkConnectionEnabled: false, pageLoadStrategy: normal, platform: WINDOWS, platformName: WINDOWS, proxy: Proxy(), setWindowRect: true, strictFileInteractability: false, timeouts: {implicit: 0, pageLoad: 300000, script: 30000}, unhandledPromptBehavior: dismiss and notify, webauthn:extension:credBlob: true, webauthn:extension:largeBlob: true, webauthn:extension:minPinLength: true, webauthn:extension:prf: true, webauthn:virtualAuthenticators: true}
Session ID: 42e241834667be957113407bf27e3725
*** Element info: {Using=name, value=user_name}
	at org.openqa.selenium.remote.http.W3CHttpResponseCodec.createException(W3CHttpResponseCodec.java:187)
	at org.openqa.selenium.remote.http.W3CHttpResponseCodec.decode(W3CHttpResponseCodec.java:122)
	at org.openqa.selenium.remote.http.W3CHttpResponseCodec.decode(W3CHttpResponseCodec.java:49)
	at org.openqa.selenium.remote.HttpCommandExecutor.execute(HttpCommandExecutor.java:158)
	at org.openqa.selenium.remote.service.DriverCommandExecutor.execute(DriverCommandExecutor.java:83)
	at org.openqa.selenium.remote.RemoteWebDriver.execute(RemoteWebDriver.java:552)
	at org.openqa.selenium.remote.RemoteWebDriver.findElement(RemoteWebDriver.java:323)
	at org.openqa.selenium.remote.RemoteWebDriver.findElementByName(RemoteWebDriver.java:404)
	at org.openqa.selenium.By$ByName.findElement(By.java:284)
	at org.openqa.selenium.remote.RemoteWebDriver.findElement(RemoteWebDriver.java:315)
	at org.openqa.selenium.support.pagefactory.DefaultElementLocator.findElement(DefaultElementLocator.java:69)
	at org.openqa.selenium.support.pagefactory.internal.LocatingElementHandler.invoke(LocatingElementHandler.java:38)
	at jdk.proxy2/jdk.proxy2.$Proxy16.sendKeys(Unknown Source)
	at Login_Module.Test_C_001.validatingloginModule(Test_C_001.java:16)
	at java.base/java.util.ArrayList.forEach(ArrayList.java:1511)
... Removed 32 stack frames</div></td></tr></table><p class="totop"><a href="#summary">back to summary</a></p>
<h3 id="m4">DataProvidre.DataProviderClass#M2</h3><table class="result"><tr class="param"><th>Parameter #1</th></tr><tr class="param stripe"><td>java</td></tr></table><p class="totop"><a href="#summary">back to summary</a></p>
<h3 id="m5">DataProvidre.DataProviderClass#M2</h3><table class="result"><tr class="param"><th>Parameter #1</th></tr><tr class="param stripe"><td>sql</td></tr></table><p class="totop"><a href="#summary">back to summary</a></p>
<h3 id="m6">DemoPackage.Listeners1#demoForListener</h3><table class="result"><tr><th class="invisible"/></tr></table><p class="totop"><a href="#summary">back to summary</a></p>
<h3 id="m7">DemoPackage.Listeners2#demoForListener2</h3><table class="result"><tr><th class="invisible"/></tr></table><p class="totop"><a href="#summary">back to summary</a></p>
<h3 id="m8">DemoPackage.Listeners3#demoForListener4</h3><table class="result"><tr><th class="invisible"/></tr></table><p class="totop"><a href="#summary">back to summary</a></p>
<h3 id="m9">Login_Module.TC_2CreatingOrganization_Test#validatingOrganization</h3><table class="result"><tr><th class="invisible"/></tr></table><p class="totop"><a href="#summary">back to summary</a></p>
<h3 id="m10">Login_Module.TC_3DeleteLeads_Test#ValidatingDeleteLeads</h3><table class="result"><tr><th class="invisible"/></tr></table><p class="totop"><a href="#summary">back to summary</a></p>
<h3 id="m11">Login_Module.TC_4LeadsPage_Test#ValidatingLeadsPage</h3><table class="result"><tr><th class="invisible"/></tr></table><p class="totop"><a href="#summary">back to summary</a></p>
<h3 id="m12">Login_Module.TC_5Product_Test#ValidatingProducts</h3><table class="result"><tr><th class="invisible"/></tr></table><p class="totop"><a href="#summary">back to summary</a></p>
</body>
</html>
